{"/Users/catalinnita/Dev/svg-charts-component-library/charts/.example-package/src/example.tsx": {"path":"/Users/catalinnita/Dev/svg-charts-component-library/charts/.example-package/src/example.tsx","statementMap":{"0":{"start":{"line":2,"column":4},"end":{"line":4,"column":null}},"1":{"start":{"line":1,"column":0},"end":{"line":1,"column":16}}},"fnMap":{"0":{"name":"Example","decl":{"start":{"line":1,"column":16},"end":{"line":1,"column":23}},"loc":{"start":{"line":1,"column":23},"end":{"line":5,"column":1}}}},"branchMap":{},"s":{"0":1,"1":1},"f":{"0":1},"b":{}}
,"/Users/catalinnita/Dev/svg-charts-component-library/charts/bar-chart/src/barChart.tsx": {"path":"/Users/catalinnita/Dev/svg-charts-component-library/charts/bar-chart/src/barChart.tsx","statementMap":{"0":{"start":{"line":2,"column":4},"end":{"line":52,"column":null}},"1":{"start":{"line":1,"column":0},"end":{"line":1,"column":16}}},"fnMap":{"0":{"name":"BarChart","decl":{"start":{"line":1,"column":16},"end":{"line":1,"column":24}},"loc":{"start":{"line":1,"column":24},"end":{"line":53,"column":1}}}},"branchMap":{},"s":{"0":1,"1":1},"f":{"0":1},"b":{}}
}
