<?xml version="1.0" encoding="UTF-8"?>
<coverage generated="1646146885618" clover="3.2.0">
  <project timestamp="1646146885618" name="All files">
    <metrics statements="4" coveredstatements="4" conditionals="4" coveredconditionals="4" methods="2" coveredmethods="2" elements="10" coveredelements="10" complexity="0" loc="4" ncloc="4" packages="2" files="2" classes="2"/>
    <package name=".example-package.src">
      <metrics statements="2" coveredstatements="2" conditionals="0" coveredconditionals="0" methods="1" coveredmethods="1"/>
      <file name="example.tsx" path="/Users/catalinnita/Dev/svg-charts-component-library/svg/.example-package/src/example.tsx">
        <metrics statements="2" coveredstatements="2" conditionals="0" coveredconditionals="0" methods="1" coveredmethods="1"/>
        <line num="1" count="1" type="stmt"/>
        <line num="2" count="1" type="stmt"/>
      </file>
    </package>
    <package name="line-horizontal.src">
      <metrics statements="2" coveredstatements="2" conditionals="4" coveredconditionals="4" methods="1" coveredmethods="1"/>
      <file name="lineHorizontal.tsx" path="/Users/catalinnita/Dev/svg-charts-component-library/svg/line-horizontal/src/lineHorizontal.tsx">
        <metrics statements="2" coveredstatements="2" conditionals="4" coveredconditionals="4" methods="1" coveredmethods="1"/>
        <line num="10" count="1" type="stmt"/>
        <line num="18" count="1" type="stmt"/>
      </file>
    </package>
  </project>
</coverage>
