{"/Users/catalinnita/Dev/svg-charts-component-library/svg/.example-package/src/example.tsx": {"path":"/Users/catalinnita/Dev/svg-charts-component-library/svg/.example-package/src/example.tsx","statementMap":{"0":{"start":{"line":2,"column":4},"end":{"line":4,"column":null}},"1":{"start":{"line":1,"column":0},"end":{"line":1,"column":16}}},"fnMap":{"0":{"name":"Example","decl":{"start":{"line":1,"column":16},"end":{"line":1,"column":23}},"loc":{"start":{"line":1,"column":23},"end":{"line":5,"column":1}}}},"branchMap":{},"s":{"0":1,"1":1},"f":{"0":1},"b":{}}
,"/Users/catalinnita/Dev/svg-charts-component-library/svg/line-horizontal/src/lineHorizontal.tsx": {"path":"/Users/catalinnita/Dev/svg-charts-component-library/svg/line-horizontal/src/lineHorizontal.tsx","statementMap":{"0":{"start":{"line":18,"column":4},"end":{"line":26,"column":null}},"1":{"start":{"line":10,"column":0},"end":{"line":10,"column":16}}},"fnMap":{"0":{"name":"LineHorizontal","decl":{"start":{"line":10,"column":16},"end":{"line":10,"column":30}},"loc":{"start":{"line":17,"column":8},"end":{"line":27,"column":1}}}},"branchMap":{"0":{"loc":{"start":{"line":13,"column":4},"end":{"line":13,"column":16}},"type":"default-arg","locations":[{"start":{"line":13,"column":15},"end":{"line":13,"column":16}}]},"1":{"loc":{"start":{"line":14,"column":4},"end":{"line":14,"column":19}},"type":"default-arg","locations":[{"start":{"line":14,"column":12},"end":{"line":14,"column":19}}]},"2":{"loc":{"start":{"line":15,"column":4},"end":{"line":15,"column":19}},"type":"default-arg","locations":[{"start":{"line":15,"column":18},"end":{"line":15,"column":19}}]},"3":{"loc":{"start":{"line":16,"column":4},"end":{"line":16,"column":25}},"type":"default-arg","locations":[{"start":{"line":16,"column":22},"end":{"line":16,"column":25}}]}},"s":{"0":1,"1":1},"f":{"0":1},"b":{"0":[1],"1":[1],"2":[1],"3":[1]}}
}
